<?xml version="1.0" encoding="UTF-8"?>
<testsuite xmlns:xsi="http://www.w3.org/2001/XMLSchema-instance" xsi:noNamespaceSchemaLocation="https://maven.apache.org/surefire/maven-surefire-plugin/xsd/surefire-test-report.xsd" name="org.apache.maven.findpalindrome.AppTest" time="0.056" tests="3" errors="1" skipped="0" failures="0">
  <properties>
[...]
</properties>
  <testcase name="nextPalindromeTest1" classname="org.apache.maven.findpalindrome.AppTest" time="0.004"/>
  <testcase name="nextPalindromeTest2" classname="org.apache.maven.findpalindrome.AppTest" time="0"/>
  <testcase name="nextPalindromeTest3" classname="org.apache.maven.findpalindrome.AppTest" time="0.01">
    <error message="For input string: &quot;--&quot;" type="java.lang.NumberFormatException">java.lang.NumberFormatException: For input string: "--"
	at org.apache.maven.findpalindrome.AppTest.nextPalindromeTest3(AppTest.java:46)
</error>
  </testcase>
</testsuite>